     1                                  ; hello.asm
     2                                  section .data
     3 00000000 48656C6C6F20576F72-         msg1    db "Hello World", 10,0          ; string with NL and 0
     3 00000009 6C640A00           
     4                                      msg1Len equ $-msg1-1                    ; measure length of msg1, minus 0
     5 0000000D 4B69636B696E672061-         msg2    db "Kicking and alive", 10, 0   ; string with NL and 0
     5 00000016 6E6420616C6976650A-
     5 0000001F 00                 
     6                                      msg2Len equ $-msg2-2                    ; measure length of msg2, minus 0
     7 00000020 6501000000000000            radius  dq 357                          ; not string, displayable ?
     8 00000028 1F85EB51B81E0940            pi      dq 3.14                         ; not string, displayable ?
     9                                  
    10                                  section .bss
    11                                  section .text
    12                                      global main
    13                                  
    14                                  main:
    15                                  
    16                                      ; start function
    17 00000000 55                          push rbp            ; function prologue
    18                                      push rbp, rsp       ; function prologue
    18          ******************       error: invalid combination of opcode and operands
    19                                  
    20                                      ; echo msg1
    21 00000001 B801000000                  mov  rax, 1         ; write
    22 00000006 BF01000000                  mov  rdi, 1         ; stdout
    23 0000000B 48BE-                       mov  rsi, msg1      ; echo msg1
    23 0000000D [0000000000000000] 
    24 00000015 BA0C000000                  mov  rdx, msg1Len   ; set byte of msg1 (Get from msg1Len)
    25 0000001A 0F05                        syscall
    26                                  
    27                                      ; echo msg2
    28 0000001C B801000000                  mov rax, 1   
    29 00000021 BF01000000                  mov rdi, 1
    30 00000026 48BE-                       mov rsi, msg2
    30 00000028 [0D00000000000000] 
    31 00000030 BA11000000                  mov rdx, msg2Len
    32 00000035 0F05                        syscall
    33                                  
    34                                      ; Closing function?
    35 00000037 4889EC                      mov rsp, rbp
    36                                      mov rbp
    36          ******************       error: invalid combination of opcode and operands
    37                                  
    38                                      ; exit
    39 0000003A B83C000000                  mov rax, 60
    40 0000003F 4831FF                      xor rdi, rdi
    41 00000042 0F05                        syscall
    42                                      
